<?xml version="1.0" encoding="UTF-8"?>
<testng-results ignored="0" total="1" passed="1" failed="0" skipped="0">
  <reporter-output>
  </reporter-output>
  <suite started-at="2025-09-01T05:34:53 WIB" name="Surefire suite" finished-at="2025-09-01T05:35:04 WIB" duration-ms="11291">
    <groups>
    </groups>
    <test started-at="2025-09-01T05:34:53 WIB" name="Surefire test" finished-at="2025-09-01T05:35:04 WIB" duration-ms="11291">
      <class name="com.juaracoding.swagmobile.PinchOutTest">
        <test-method signature="TC0001()[pri:0, instance:com.juaracoding.swagmobile.PinchOutTest@6b19b79]" started-at="2025-09-01T05:34:53 WIB" name="TC0001" finished-at="2025-09-01T05:35:04 WIB" duration-ms="11259" status="PASS">
          <reporter-output>
          </reporter-output>
        </test-method> <!-- TC0001 -->
      </class> <!-- com.juaracoding.swagmobile.PinchOutTest -->
    </test> <!-- Surefire test -->
  </suite> <!-- Surefire suite -->
</testng-results>
